# JRE version: OpenJDK Runtime Environment (Zulu 8.50.0.21-CA-win64) (8.0_272-b17) (build 1.8.0_272-b17)
# Java VM: OpenJDK 64-Bit Server VM (25.272-b17 mixed mode windows-amd64 compressed oops)
Heap:
 PSYoungGen      total 76288K, used 24088K [0x000000076b400000, 0x0000000770900000, 0x00000007c0000000)
  eden space 65536K, 20% used [0x000000076b400000,0x000000076c10bf00,0x000000076f400000)
  from space 10752K, 99% used [0x000000076fe80000,0x00000007708fa1b8,0x0000000770900000)
  to   space 10752K, 0% used [0x000000076f400000,0x000000076f400000,0x000000076fe80000)
 ParOldGen       total 175104K, used 775K [0x00000006c1c00000, 0x00000006cc700000, 0x000000076b400000)
  object space 175104K, 0% used [0x00000006c1c00000,0x00000006c1cc1ce0,0x00000006cc700000)
 Metaspace       used 15098K, capacity 15334K, committed 15488K, reserved 1062912K
  class space    used 1815K, capacity 1913K, committed 1920K, reserved 1048576K
GC Heap History (4 events):
Event: 1.630 GC heap before
{Heap before GC invocations=1 (full 0):
 PSYoungGen      total 76288K, used 65536K [0x000000076b400000, 0x0000000770900000, 0x00000007c0000000)
  eden space 65536K, 100% used [0x000000076b400000,0x000000076f400000,0x000000076f400000)
  from space 10752K, 0% used [0x000000076fe80000,0x000000076fe80000,0x0000000770900000)
  to   space 10752K, 0% used [0x000000076f400000,0x000000076f400000,0x000000076fe80000)
 ParOldGen       total 175104K, used 0K [0x00000006c1c00000, 0x00000006cc700000, 0x000000076b400000)
  object space 175104K, 0% used [0x00000006c1c00000,0x00000006c1c00000,0x00000006cc700000)
 Metaspace       used 11373K, capacity 11528K, committed 11776K, reserved 1058816K
  class space    used 1413K, capacity 1476K, committed 1536K, reserved 1048576K
Event: 1.646 GC heap after
Heap after GC invocations=1 (full 0):
 PSYoungGen      total 76288K, used 9500K [0x000000076b400000, 0x0000000770900000, 0x00000007c0000000)
  eden space 65536K, 0% used [0x000000076b400000,0x000000076b400000,0x000000076f400000)
  from space 10752K, 88% used [0x000000076f400000,0x000000076fd47100,0x000000076fe80000)
  to   space 10752K, 0% used [0x000000076fe80000,0x000000076fe80000,0x0000000770900000)
 ParOldGen       total 175104K, used 16K [0x00000006c1c00000, 0x00000006cc700000, 0x000000076b400000)
  object space 175104K, 0% used [0x00000006c1c00000,0x00000006c1c04000,0x00000006cc700000)
 Metaspace       used 11373K, capacity 11528K, committed 11776K, reserved 1058816K
  class space    used 1413K, capacity 1476K, committed 1536K, reserved 1048576K
}
Event: 3.174 GC heap before
{Heap before GC invocations=2 (full 0):
 PSYoungGen      total 76288K, used 75036K [0x000000076b400000, 0x0000000770900000, 0x00000007c0000000)
  eden space 65536K, 100% used [0x000000076b400000,0x000000076f400000,0x000000076f400000)
  from space 10752K, 88% used [0x000000076f400000,0x000000076fd47100,0x000000076fe80000)
  to   space 10752K, 0% used [0x000000076fe80000,0x000000076fe80000,0x0000000770900000)
 ParOldGen       total 175104K, used 16K [0x00000006c1c00000, 0x00000006cc700000, 0x000000076b400000)
  object space 175104K, 0% used [0x00000006c1c00000,0x00000006c1c04000,0x00000006cc700000)
 Metaspace       used 14875K, capacity 15110K, committed 15232K, reserved 1062912K
  class space    used 1795K, capacity 1881K, committed 1920K, reserved 1048576K
Event: 3.212 GC heap after
Heap after GC invocations=2 (full 0):
 PSYoungGen      total 76288K, used 10728K [0x000000076b400000, 0x0000000770900000, 0x00000007c0000000)
  eden space 65536K, 0% used [0x000000076b400000,0x000000076b400000,0x000000076f400000)
  from space 10752K, 99% used [0x000000076fe80000,0x00000007708fa1b8,0x0000000770900000)
  to   space 10752K, 0% used [0x000000076f400000,0x000000076f400000,0x000000076fe80000)
 ParOldGen       total 175104K, used 775K [0x00000006c1c00000, 0x00000006cc700000, 0x000000076b400000)
  object space 175104K, 0% used [0x00000006c1c00000,0x00000006c1cc1ce0,0x00000006cc700000)
 Metaspace       used 14875K, capacity 15110K, committed 15232K, reserved 1062912K
  class space    used 1795K, capacity 1881K, committed 1920K, reserved 1048576K
}

